<?xml version="1.0" encoding="UTF-8"?>
<testsuite xmlns:xsi="http://www.w3.org/2001/XMLSchema-instance" xsi:noNamespaceSchemaLocation="https://maven.apache.org/surefire/maven-surefire-plugin/xsd/surefire-test-report.xsd" name="com.fm.dao.TestMain" time="0.055" tests="1" errors="0" skipped="0" failures="0">
  <properties>
    <property name="sun.desktop" value="windows"/>
    <property name="awt.toolkit" value="sun.awt.windows.WToolkit"/>
    <property name="file.encoding.pkg" value="sun.io"/>
    <property name="java.specification.version" value="1.8"/>
    <property name="sun.cpu.isalist" value="amd64"/>
    <property name="sun.jnu.encoding" value="GBK"/>
    <property name="java.class.path" value="D:\chixing\java\idea_ws\FifteenMegahertz\target\test-classes;D:\chixing\java\idea_ws\FifteenMegahertz\target\classes;F:\Maven\Repository\junit\junit\4.12\junit-4.12.jar;F:\Maven\Repository\mysql\mysql-connector-java\5.1.47\mysql-connector-java-5.1.47.jar;F:\Maven\Repository\org\mybatis\mybatis\3.4.6\mybatis-3.4.6.jar;F:\Maven\Repository\org\projectlombok\lombok\1.18.2\lombok-1.18.2.jar;F:\Maven\Repository\org\slf4j\slf4j-api\1.7.25\slf4j-api-1.7.25.jar;F:\Maven\Repository\org\apache\logging\log4j\log4j-core\2.11.1\log4j-core-2.11.1.jar;F:\Maven\Repository\org\apache\logging\log4j\log4j-api\2.11.1\log4j-api-2.11.1.jar;F:\Maven\Repository\org\apache\logging\log4j\log4j-slf4j-impl\2.11.1\log4j-slf4j-impl-2.11.1.jar;F:\Maven\Repository\com\fasterxml\jackson\core\jackson-databind\2.9.5\jackson-databind-2.9.5.jar;F:\Maven\Repository\com\fasterxml\jackson\core\jackson-annotations\2.9.0\jackson-annotations-2.9.0.jar;F:\Maven\Repository\com\fasterxml\jackson\dataformat\jackson-dataformat-yaml\2.9.6\jackson-dataformat-yaml-2.9.6.jar;F:\Maven\Repository\org\yaml\snakeyaml\1.18\snakeyaml-1.18.jar;F:\Maven\Repository\org\apache\tomcat\tomcat-catalina\8.5.33\tomcat-catalina-8.5.33.jar;F:\Maven\Repository\org\apache\tomcat\tomcat-servlet-api\8.5.33\tomcat-servlet-api-8.5.33.jar;F:\Maven\Repository\org\apache\tomcat\tomcat-jsp-api\8.5.33\tomcat-jsp-api-8.5.33.jar;F:\Maven\Repository\org\apache\tomcat\tomcat-el-api\8.5.33\tomcat-el-api-8.5.33.jar;F:\Maven\Repository\org\apache\tomcat\tomcat-juli\8.5.33\tomcat-juli-8.5.33.jar;F:\Maven\Repository\org\apache\tomcat\tomcat-annotations-api\8.5.33\tomcat-annotations-api-8.5.33.jar;F:\Maven\Repository\org\apache\tomcat\tomcat-api\8.5.33\tomcat-api-8.5.33.jar;F:\Maven\Repository\org\apache\tomcat\tomcat-jni\8.5.33\tomcat-jni-8.5.33.jar;F:\Maven\Repository\org\apache\tomcat\tomcat-coyote\8.5.33\tomcat-coyote-8.5.33.jar;F:\Maven\Repository\org\apache\tomcat\tomcat-util\8.5.33\tomcat-util-8.5.33.jar;F:\Maven\Repository\org\apache\tomcat\tomcat-util-scan\8.5.33\tomcat-util-scan-8.5.33.jar;F:\Maven\Repository\org\apache\tomcat\tomcat-jaspic-api\8.5.33\tomcat-jaspic-api-8.5.33.jar;F:\Maven\Repository\com\alibaba\druid\1.1.10\druid-1.1.10.jar;F:\Maven\Repository\com\qiniu\qiniu-java-sdk\7.2.17\qiniu-java-sdk-7.2.17.jar;F:\Maven\Repository\com\squareup\okhttp3\okhttp\3.9.1\okhttp-3.9.1.jar;F:\Maven\Repository\com\squareup\okio\okio\1.13.0\okio-1.13.0.jar;F:\Maven\Repository\com\google\code\gson\gson\2.8.2\gson-2.8.2.jar;F:\Maven\Repository\org\springframework\amqp\spring-amqp\1.6.0.RELEASE\spring-amqp-1.6.0.RELEASE.jar;F:\Maven\Repository\org\springframework\amqp\spring-rabbit\1.6.0.RELEASE\spring-rabbit-1.6.0.RELEASE.jar;F:\Maven\Repository\com\rabbitmq\amqp-client\3.6.0\amqp-client-3.6.0.jar;F:\Maven\Repository\org\springframework\retry\spring-retry\1.1.2.RELEASE\spring-retry-1.1.2.RELEASE.jar;F:\Maven\Repository\com\rabbitmq\http-client\1.0.0.RELEASE\http-client-1.0.0.RELEASE.jar;F:\Maven\Repository\org\apache\httpcomponents\httpclient\4.3.6\httpclient-4.3.6.jar;F:\Maven\Repository\org\apache\httpcomponents\httpcore\4.3.3\httpcore-4.3.3.jar;F:\Maven\Repository\org\springframework\spring-websocket\4.3.12.RELEASE\spring-websocket-4.3.12.RELEASE.jar;F:\Maven\Repository\org\springframework\spring-messaging\4.3.12.RELEASE\spring-messaging-4.3.12.RELEASE.jar;F:\Maven\Repository\com\aliyun\aliyun-java-sdk-core\3.3.1\aliyun-java-sdk-core-3.3.1.jar;F:\Maven\Repository\org\json\json\20170516\json-20170516.jar;F:\Maven\Repository\com\aliyun\aliyun-java-sdk-dysmsapi\1.1.0\aliyun-java-sdk-dysmsapi-1.1.0.jar;F:\Maven\Repository\javax\mail\javax.mail-api\1.4.7\javax.mail-api-1.4.7.jar;F:\Maven\Repository\javax\activation\activation\1.1\activation-1.1.jar;F:\Maven\Repository\com\sun\mail\javax.mail\1.6.1\javax.mail-1.6.1.jar;F:\Maven\Repository\com\fasterxml\jackson\core\jackson-core\2.9.5\jackson-core-2.9.5.jar;F:\Maven\Repository\org\apache\poi\poi\4.0.0\poi-4.0.0.jar;F:\Maven\Repository\commons-codec\commons-codec\1.10\commons-codec-1.10.jar;F:\Maven\Repository\org\apache\commons\commons-collections4\4.2\commons-collections4-4.2.jar;F:\Maven\Repository\commons-fileupload\commons-fileupload\1.3.3\commons-fileupload-1.3.3.jar;F:\Maven\Repository\commons-io\commons-io\2.6\commons-io-2.6.jar;F:\Maven\Repository\net\sf\json-lib\json-lib\2.4\json-lib-2.4-jdk15.jar;F:\Maven\Repository\commons-beanutils\commons-beanutils\1.8.0\commons-beanutils-1.8.0.jar;F:\Maven\Repository\commons-collections\commons-collections\3.2.1\commons-collections-3.2.1.jar;F:\Maven\Repository\commons-lang\commons-lang\2.5\commons-lang-2.5.jar;F:\Maven\Repository\commons-logging\commons-logging\1.1.1\commons-logging-1.1.1.jar;F:\Maven\Repository\net\sf\ezmorph\ezmorph\1.0.6\ezmorph-1.0.6.jar;F:\Maven\Repository\com\alibaba\fastjson\1.2.47\fastjson-1.2.47.jar;F:\Maven\Repository\org\springframework\spring-test\4.3.12.RELEASE\spring-test-4.3.12.RELEASE.jar;F:\Maven\Repository\org\mockito\mockito-all\1.9.5\mockito-all-1.9.5.jar;F:\Maven\Repository\org\hamcrest\hamcrest-core\1.3\hamcrest-core-1.3.jar;F:\Maven\Repository\org\mybatis\mybatis-spring\1.3.2\mybatis-spring-1.3.2.jar;F:\Maven\Repository\org\springframework\data\spring-data-redis\1.6.0.RELEASE\spring-data-redis-1.6.0.RELEASE.jar;F:\Maven\Repository\org\apache\commons\commons-pool2\2.4.2\commons-pool2-2.4.2.jar;F:\Maven\Repository\redis\clients\jedis\2.7.2\jedis-2.7.2.jar;F:\Maven\Repository\org\springframework\spring-context\4.3.12.RELEASE\spring-context-4.3.12.RELEASE.jar;F:\Maven\Repository\org\springframework\spring-context-support\4.3.12.RELEASE\spring-context-support-4.3.12.RELEASE.jar;F:\Maven\Repository\org\springframework\spring-core\4.3.12.RELEASE\spring-core-4.3.12.RELEASE.jar;F:\Maven\Repository\org\springframework\spring-expression\4.3.12.RELEASE\spring-expression-4.3.12.RELEASE.jar;F:\Maven\Repository\org\springframework\spring-jdbc\4.3.12.RELEASE\spring-jdbc-4.3.12.RELEASE.jar;F:\Maven\Repository\org\springframework\spring-web\4.3.12.RELEASE\spring-web-4.3.12.RELEASE.jar;F:\Maven\Repository\org\springframework\spring-webmvc\4.3.12.RELEASE\spring-webmvc-4.3.12.RELEASE.jar;F:\Maven\Repository\org\springframework\spring-beans\4.3.12.RELEASE\spring-beans-4.3.12.RELEASE.jar;F:\Maven\Repository\org\springframework\spring-aop\4.3.12.RELEASE\spring-aop-4.3.12.RELEASE.jar;F:\Maven\Repository\org\springframework\spring-aspects\4.3.12.RELEASE\spring-aspects-4.3.12.RELEASE.jar;F:\Maven\Repository\org\aspectj\aspectjweaver\1.9.1\aspectjweaver-1.9.1.jar;F:\Maven\Repository\org\springframework\spring-instrument\4.3.12.RELEASE\spring-instrument-4.3.12.RELEASE.jar;F:\Maven\Repository\org\springframework\spring-instrument-tomcat\4.3.12.RELEASE\spring-instrument-tomcat-4.3.12.RELEASE.jar;F:\Maven\Repository\org\springframework\spring-jms\4.3.12.RELEASE\spring-jms-4.3.12.RELEASE.jar;F:\Maven\Repository\org\springframework\spring-orm\4.3.12.RELEASE\spring-orm-4.3.12.RELEASE.jar;F:\Maven\Repository\org\springframework\spring-oxm\4.3.12.RELEASE\spring-oxm-4.3.12.RELEASE.jar;F:\Maven\Repository\org\springframework\spring-tx\4.3.12.RELEASE\spring-tx-4.3.12.RELEASE.jar;F:\Maven\Repository\org\springframework\spring-webmvc-portlet\4.3.12.RELEASE\spring-webmvc-portlet-4.3.12.RELEASE.jar;F:\Maven\Repository\com\alipay\sdk\alipay-sdk-java\3.3.49.ALL\alipay-sdk-java-3.3.49.ALL.jar;F:\Maven\Repository\org\apache\commons\commons-lang3\3.8.1\commons-lang3-3.8.1.jar;F:\Maven\Repository\org\quartz-scheduler\quartz\2.3.0\quartz-2.3.0.jar;F:\Maven\Repository\com\mchange\c3p0\0.9.5.2\c3p0-0.9.5.2.jar;F:\Maven\Repository\com\mchange\mchange-commons-java\0.2.11\mchange-commons-java-0.2.11.jar;F:\Maven\Repository\com\zaxxer\HikariCP-java6\2.3.13\HikariCP-java6-2.3.13.jar;"/>
    <property name="java.vm.vendor" value="Oracle Corporation"/>
    <property name="sun.arch.data.model" value="64"/>
    <property name="user.variant" value=""/>
    <property name="java.vendor.url" value="http://java.oracle.com/"/>
    <property name="user.timezone" value=""/>
    <property name="java.vm.specification.version" value="1.8"/>
    <property name="os.name" value="Windows 10"/>
    <property name="user.country" value="CN"/>
    <property name="sun.java.launcher" value="SUN_STANDARD"/>
    <property name="sun.boot.library.path" value="C:\Program Files\Java\jdk1.8.0_172\jre\bin"/>
    <property name="sun.java.command" value="C:\Users\11833\AppData\Local\Temp\surefire3295697524642923302\surefirebooter4898618263417897771.jar C:\Users\11833\AppData\Local\Temp\surefire3295697524642923302 2018-11-08T16-20-18_501-jvmRun1 surefire8470541687515100878tmp surefire_03645303146398465532tmp"/>
    <property name="surefire.test.class.path" value="D:\chixing\java\idea_ws\FifteenMegahertz\target\test-classes;D:\chixing\java\idea_ws\FifteenMegahertz\target\classes;F:\Maven\Repository\junit\junit\4.12\junit-4.12.jar;F:\Maven\Repository\mysql\mysql-connector-java\5.1.47\mysql-connector-java-5.1.47.jar;F:\Maven\Repository\org\mybatis\mybatis\3.4.6\mybatis-3.4.6.jar;F:\Maven\Repository\org\projectlombok\lombok\1.18.2\lombok-1.18.2.jar;F:\Maven\Repository\org\slf4j\slf4j-api\1.7.25\slf4j-api-1.7.25.jar;F:\Maven\Repository\org\apache\logging\log4j\log4j-core\2.11.1\log4j-core-2.11.1.jar;F:\Maven\Repository\org\apache\logging\log4j\log4j-api\2.11.1\log4j-api-2.11.1.jar;F:\Maven\Repository\org\apache\logging\log4j\log4j-slf4j-impl\2.11.1\log4j-slf4j-impl-2.11.1.jar;F:\Maven\Repository\com\fasterxml\jackson\core\jackson-databind\2.9.5\jackson-databind-2.9.5.jar;F:\Maven\Repository\com\fasterxml\jackson\core\jackson-annotations\2.9.0\jackson-annotations-2.9.0.jar;F:\Maven\Repository\com\fasterxml\jackson\dataformat\jackson-dataformat-yaml\2.9.6\jackson-dataformat-yaml-2.9.6.jar;F:\Maven\Repository\org\yaml\snakeyaml\1.18\snakeyaml-1.18.jar;F:\Maven\Repository\org\apache\tomcat\tomcat-catalina\8.5.33\tomcat-catalina-8.5.33.jar;F:\Maven\Repository\org\apache\tomcat\tomcat-servlet-api\8.5.33\tomcat-servlet-api-8.5.33.jar;F:\Maven\Repository\org\apache\tomcat\tomcat-jsp-api\8.5.33\tomcat-jsp-api-8.5.33.jar;F:\Maven\Repository\org\apache\tomcat\tomcat-el-api\8.5.33\tomcat-el-api-8.5.33.jar;F:\Maven\Repository\org\apache\tomcat\tomcat-juli\8.5.33\tomcat-juli-8.5.33.jar;F:\Maven\Repository\org\apache\tomcat\tomcat-annotations-api\8.5.33\tomcat-annotations-api-8.5.33.jar;F:\Maven\Repository\org\apache\tomcat\tomcat-api\8.5.33\tomcat-api-8.5.33.jar;F:\Maven\Repository\org\apache\tomcat\tomcat-jni\8.5.33\tomcat-jni-8.5.33.jar;F:\Maven\Repository\org\apache\tomcat\tomcat-coyote\8.5.33\tomcat-coyote-8.5.33.jar;F:\Maven\Repository\org\apache\tomcat\tomcat-util\8.5.33\tomcat-util-8.5.33.jar;F:\Maven\Repository\org\apache\tomcat\tomcat-util-scan\8.5.33\tomcat-util-scan-8.5.33.jar;F:\Maven\Repository\org\apache\tomcat\tomcat-jaspic-api\8.5.33\tomcat-jaspic-api-8.5.33.jar;F:\Maven\Repository\com\alibaba\druid\1.1.10\druid-1.1.10.jar;F:\Maven\Repository\com\qiniu\qiniu-java-sdk\7.2.17\qiniu-java-sdk-7.2.17.jar;F:\Maven\Repository\com\squareup\okhttp3\okhttp\3.9.1\okhttp-3.9.1.jar;F:\Maven\Repository\com\squareup\okio\okio\1.13.0\okio-1.13.0.jar;F:\Maven\Repository\com\google\code\gson\gson\2.8.2\gson-2.8.2.jar;F:\Maven\Repository\org\springframework\amqp\spring-amqp\1.6.0.RELEASE\spring-amqp-1.6.0.RELEASE.jar;F:\Maven\Repository\org\springframework\amqp\spring-rabbit\1.6.0.RELEASE\spring-rabbit-1.6.0.RELEASE.jar;F:\Maven\Repository\com\rabbitmq\amqp-client\3.6.0\amqp-client-3.6.0.jar;F:\Maven\Repository\org\springframework\retry\spring-retry\1.1.2.RELEASE\spring-retry-1.1.2.RELEASE.jar;F:\Maven\Repository\com\rabbitmq\http-client\1.0.0.RELEASE\http-client-1.0.0.RELEASE.jar;F:\Maven\Repository\org\apache\httpcomponents\httpclient\4.3.6\httpclient-4.3.6.jar;F:\Maven\Repository\org\apache\httpcomponents\httpcore\4.3.3\httpcore-4.3.3.jar;F:\Maven\Repository\org\springframework\spring-websocket\4.3.12.RELEASE\spring-websocket-4.3.12.RELEASE.jar;F:\Maven\Repository\org\springframework\spring-messaging\4.3.12.RELEASE\spring-messaging-4.3.12.RELEASE.jar;F:\Maven\Repository\com\aliyun\aliyun-java-sdk-core\3.3.1\aliyun-java-sdk-core-3.3.1.jar;F:\Maven\Repository\org\json\json\20170516\json-20170516.jar;F:\Maven\Repository\com\aliyun\aliyun-java-sdk-dysmsapi\1.1.0\aliyun-java-sdk-dysmsapi-1.1.0.jar;F:\Maven\Repository\javax\mail\javax.mail-api\1.4.7\javax.mail-api-1.4.7.jar;F:\Maven\Repository\javax\activation\activation\1.1\activation-1.1.jar;F:\Maven\Repository\com\sun\mail\javax.mail\1.6.1\javax.mail-1.6.1.jar;F:\Maven\Repository\com\fasterxml\jackson\core\jackson-core\2.9.5\jackson-core-2.9.5.jar;F:\Maven\Repository\org\apache\poi\poi\4.0.0\poi-4.0.0.jar;F:\Maven\Repository\commons-codec\commons-codec\1.10\commons-codec-1.10.jar;F:\Maven\Repository\org\apache\commons\commons-collections4\4.2\commons-collections4-4.2.jar;F:\Maven\Repository\commons-fileupload\commons-fileupload\1.3.3\commons-fileupload-1.3.3.jar;F:\Maven\Repository\commons-io\commons-io\2.6\commons-io-2.6.jar;F:\Maven\Repository\net\sf\json-lib\json-lib\2.4\json-lib-2.4-jdk15.jar;F:\Maven\Repository\commons-beanutils\commons-beanutils\1.8.0\commons-beanutils-1.8.0.jar;F:\Maven\Repository\commons-collections\commons-collections\3.2.1\commons-collections-3.2.1.jar;F:\Maven\Repository\commons-lang\commons-lang\2.5\commons-lang-2.5.jar;F:\Maven\Repository\commons-logging\commons-logging\1.1.1\commons-logging-1.1.1.jar;F:\Maven\Repository\net\sf\ezmorph\ezmorph\1.0.6\ezmorph-1.0.6.jar;F:\Maven\Repository\com\alibaba\fastjson\1.2.47\fastjson-1.2.47.jar;F:\Maven\Repository\org\springframework\spring-test\4.3.12.RELEASE\spring-test-4.3.12.RELEASE.jar;F:\Maven\Repository\org\mockito\mockito-all\1.9.5\mockito-all-1.9.5.jar;F:\Maven\Repository\org\hamcrest\hamcrest-core\1.3\hamcrest-core-1.3.jar;F:\Maven\Repository\org\mybatis\mybatis-spring\1.3.2\mybatis-spring-1.3.2.jar;F:\Maven\Repository\org\springframework\data\spring-data-redis\1.6.0.RELEASE\spring-data-redis-1.6.0.RELEASE.jar;F:\Maven\Repository\org\apache\commons\commons-pool2\2.4.2\commons-pool2-2.4.2.jar;F:\Maven\Repository\redis\clients\jedis\2.7.2\jedis-2.7.2.jar;F:\Maven\Repository\org\springframework\spring-context\4.3.12.RELEASE\spring-context-4.3.12.RELEASE.jar;F:\Maven\Repository\org\springframework\spring-context-support\4.3.12.RELEASE\spring-context-support-4.3.12.RELEASE.jar;F:\Maven\Repository\org\springframework\spring-core\4.3.12.RELEASE\spring-core-4.3.12.RELEASE.jar;F:\Maven\Repository\org\springframework\spring-expression\4.3.12.RELEASE\spring-expression-4.3.12.RELEASE.jar;F:\Maven\Repository\org\springframework\spring-jdbc\4.3.12.RELEASE\spring-jdbc-4.3.12.RELEASE.jar;F:\Maven\Repository\org\springframework\spring-web\4.3.12.RELEASE\spring-web-4.3.12.RELEASE.jar;F:\Maven\Repository\org\springframework\spring-webmvc\4.3.12.RELEASE\spring-webmvc-4.3.12.RELEASE.jar;F:\Maven\Repository\org\springframework\spring-beans\4.3.12.RELEASE\spring-beans-4.3.12.RELEASE.jar;F:\Maven\Repository\org\springframework\spring-aop\4.3.12.RELEASE\spring-aop-4.3.12.RELEASE.jar;F:\Maven\Repository\org\springframework\spring-aspects\4.3.12.RELEASE\spring-aspects-4.3.12.RELEASE.jar;F:\Maven\Repository\org\aspectj\aspectjweaver\1.9.1\aspectjweaver-1.9.1.jar;F:\Maven\Repository\org\springframework\spring-instrument\4.3.12.RELEASE\spring-instrument-4.3.12.RELEASE.jar;F:\Maven\Repository\org\springframework\spring-instrument-tomcat\4.3.12.RELEASE\spring-instrument-tomcat-4.3.12.RELEASE.jar;F:\Maven\Repository\org\springframework\spring-jms\4.3.12.RELEASE\spring-jms-4.3.12.RELEASE.jar;F:\Maven\Repository\org\springframework\spring-orm\4.3.12.RELEASE\spring-orm-4.3.12.RELEASE.jar;F:\Maven\Repository\org\springframework\spring-oxm\4.3.12.RELEASE\spring-oxm-4.3.12.RELEASE.jar;F:\Maven\Repository\org\springframework\spring-tx\4.3.12.RELEASE\spring-tx-4.3.12.RELEASE.jar;F:\Maven\Repository\org\springframework\spring-webmvc-portlet\4.3.12.RELEASE\spring-webmvc-portlet-4.3.12.RELEASE.jar;F:\Maven\Repository\com\alipay\sdk\alipay-sdk-java\3.3.49.ALL\alipay-sdk-java-3.3.49.ALL.jar;F:\Maven\Repository\org\apache\commons\commons-lang3\3.8.1\commons-lang3-3.8.1.jar;F:\Maven\Repository\org\quartz-scheduler\quartz\2.3.0\quartz-2.3.0.jar;F:\Maven\Repository\com\mchange\c3p0\0.9.5.2\c3p0-0.9.5.2.jar;F:\Maven\Repository\com\mchange\mchange-commons-java\0.2.11\mchange-commons-java-0.2.11.jar;F:\Maven\Repository\com\zaxxer\HikariCP-java6\2.3.13\HikariCP-java6-2.3.13.jar;"/>
    <property name="sun.cpu.endian" value="little"/>
    <property name="user.home" value="C:\Users\11833"/>
    <property name="user.language" value="zh"/>
    <property name="java.specification.vendor" value="Oracle Corporation"/>
    <property name="java.home" value="C:\Program Files\Java\jdk1.8.0_172\jre"/>
    <property name="basedir" value="D:\chixing\java\idea_ws\FifteenMegahertz"/>
    <property name="file.separator" value="\"/>
    <property name="line.separator" value="&#10;"/>
    <property name="java.vm.specification.vendor" value="Oracle Corporation"/>
    <property name="java.specification.name" value="Java Platform API Specification"/>
    <property name="java.awt.graphicsenv" value="sun.awt.Win32GraphicsEnvironment"/>
    <property name="surefire.real.class.path" value="C:\Users\11833\AppData\Local\Temp\surefire3295697524642923302\surefirebooter4898618263417897771.jar"/>
    <property name="sun.boot.class.path" value="C:\Program Files\Java\jdk1.8.0_172\jre\lib\resources.jar;C:\Program Files\Java\jdk1.8.0_172\jre\lib\rt.jar;C:\Program Files\Java\jdk1.8.0_172\jre\lib\sunrsasign.jar;C:\Program Files\Java\jdk1.8.0_172\jre\lib\jsse.jar;C:\Program Files\Java\jdk1.8.0_172\jre\lib\jce.jar;C:\Program Files\Java\jdk1.8.0_172\jre\lib\charsets.jar;C:\Program Files\Java\jdk1.8.0_172\jre\lib\jfr.jar;C:\Program Files\Java\jdk1.8.0_172\jre\classes"/>
    <property name="user.script" value=""/>
    <property name="sun.management.compiler" value="HotSpot 64-Bit Tiered Compilers"/>
    <property name="java.runtime.version" value="1.8.0_172-b11"/>
    <property name="user.name" value="11833"/>
    <property name="path.separator" value=";"/>
    <property name="os.version" value="10.0"/>
    <property name="java.endorsed.dirs" value="C:\Program Files\Java\jdk1.8.0_172\jre\lib\endorsed"/>
    <property name="java.runtime.name" value="Java(TM) SE Runtime Environment"/>
    <property name="file.encoding" value="GBK"/>
    <property name="java.vm.name" value="Java HotSpot(TM) 64-Bit Server VM"/>
    <property name="localRepository" value="F:\Maven\Repository"/>
    <property name="java.vendor.url.bug" value="http://bugreport.sun.com/bugreport/"/>
    <property name="java.io.tmpdir" value="C:\Users\11833\AppData\Local\Temp\"/>
    <property name="idea.version" value="2017.3.5"/>
    <property name="java.version" value="1.8.0_172"/>
    <property name="user.dir" value="D:\chixing\java\idea_ws\FifteenMegahertz"/>
    <property name="os.arch" value="amd64"/>
    <property name="java.vm.specification.name" value="Java Virtual Machine Specification"/>
    <property name="java.awt.printerjob" value="sun.awt.windows.WPrinterJob"/>
    <property name="sun.os.patch.level" value=""/>
    <property name="java.library.path" value="C:\Program Files\Java\jdk1.8.0_172\jre\bin;C:\WINDOWS\Sun\Java\bin;C:\WINDOWS\system32;C:\WINDOWS;C:\Program Files (x86)\Common Files\Oracle\Java\javapath;C:\WINDOWS\system32;C:\WINDOWS;C:\WINDOWS\System32\Wbem;C:\WINDOWS\System32\WindowsPowerShell\v1.0\;C:\WINDOWS\System32\OpenSSH\;C:\Program Files\Java\jdk1.8.0_172\bin;F:\gaiden-1.1\bin;F:\mysql-5.7.23\bin;F:\Git\cmd;F:\Maven\apache-maven-3.5.4\bin;C:\Users\11833\AppData\Local\Programs\Python\Python37\Scripts\;C:\Users\11833\AppData\Local\Programs\Python\Python37\;C:\Users\11833\AppData\Local\Microsoft\WindowsApps;;."/>
    <property name="java.vm.info" value="mixed mode"/>
    <property name="java.vendor" value="Oracle Corporation"/>
    <property name="java.vm.version" value="25.172-b11"/>
    <property name="java.ext.dirs" value="C:\Program Files\Java\jdk1.8.0_172\jre\lib\ext;C:\WINDOWS\Sun\Java\lib\ext"/>
    <property name="sun.io.unicode.encoding" value="UnicodeLittle"/>
    <property name="java.class.version" value="52.0"/>
  </properties>
  <testcase name="testImageService" classname="com.fm.dao.TestMain" time="0.002"/>
</testsuite>